1656466628153:하이
1656466636142:translate f
1656466645360:translate "ff"
1656466718236:translate --text hi
1656466871805:translate
1656467081145:request --flow Flow2
1656467123670:request --flow Flow2 --input x=2
1656467371851:request --flow Flow2 --input {'x': 2}
1656467386723:request --flow Flow2 --input {'x':'2'}
1656467466768:request --flow Flow2 --input {x=2}
1656467596166:request --flow Flow2 --input {"x":"2"}
1656467815302:-
1656467827211:request
1656467843983:requeset --flow Flow2
1656467865166:request --flow Flow2
1656467889972:request
1656468199356:request --flow Flow1 --input {"x":3,"y":2}
1656468223552:request --flow Flow1 --input {"x":10,"y":17}
1656468235433:request --flow Flow1 --input {\\"x\\":10,\\"y\\":17}
1656468310886:request --flow Flow1 --input {'x':10,'y':17}
1656468363491:request --flow Flow1 --input {"x":10,"y":17}
1656468406804:request --flow Flow1 --input {\\"x\\":10,\\"y\\":17}
1656468460196:request
